<?xml version="1.0" encoding="UTF-8"?>
<testsuite xmlns:xsi="http://www.w3.org/2001/XMLSchema-instance" xsi:noNamespaceSchemaLocation="https://maven.apache.org/surefire/maven-surefire-plugin/xsd/surefire-test-report-3.0.xsd" version="3.0" name="com.luv2code.junitdemo.DemoUtilsTest" time="2.126" tests="10" errors="0" skipped="0" failures="0">
  <properties>
    <property name="java.specification.version" value="19"/>
    <property name="sun.jnu.encoding" value="UTF-8"/>
    <property name="java.class.path" value="/home/gresshel/workspace/IntelliJ/SpringTestMockitoMockMvc/code/1.00-starting-project/target/test-classes:/home/gresshel/workspace/IntelliJ/SpringTestMockitoMockMvc/code/1.00-starting-project/target/classes:/home/gresshel/.m2/repository/org/junit/jupiter/junit-jupiter/5.8.2/junit-jupiter-5.8.2.jar:/home/gresshel/.m2/repository/org/junit/jupiter/junit-jupiter-api/5.8.2/junit-jupiter-api-5.8.2.jar:/home/gresshel/.m2/repository/org/opentest4j/opentest4j/1.2.0/opentest4j-1.2.0.jar:/home/gresshel/.m2/repository/org/junit/platform/junit-platform-commons/1.8.2/junit-platform-commons-1.8.2.jar:/home/gresshel/.m2/repository/org/apiguardian/apiguardian-api/1.1.2/apiguardian-api-1.1.2.jar:/home/gresshel/.m2/repository/org/junit/jupiter/junit-jupiter-params/5.8.2/junit-jupiter-params-5.8.2.jar:/home/gresshel/.m2/repository/org/junit/jupiter/junit-jupiter-engine/5.8.2/junit-jupiter-engine-5.8.2.jar:/home/gresshel/.m2/repository/org/junit/platform/junit-platform-engine/1.8.2/junit-platform-engine-1.8.2.jar:"/>
    <property name="java.vm.vendor" value="Oracle Corporation"/>
    <property name="sun.arch.data.model" value="64"/>
    <property name="java.vendor.url" value="https://java.oracle.com/"/>
    <property name="os.name" value="Linux"/>
    <property name="java.vm.specification.version" value="19"/>
    <property name="sun.java.launcher" value="SUN_STANDARD"/>
    <property name="user.country" value="MX"/>
    <property name="sun.boot.library.path" value="/usr/lib/jvm/jdk-19/lib"/>
    <property name="sun.java.command" value="/home/gresshel/workspace/IntelliJ/SpringTestMockitoMockMvc/code/1.00-starting-project/target/surefire/surefirebooter4708303470022353484.jar /home/gresshel/workspace/IntelliJ/SpringTestMockitoMockMvc/code/1.00-starting-project/target/surefire 2024-12-26T13-03-43_966-jvmRun1 surefire7565551603028161238tmp surefire_017102003791775290449tmp"/>
    <property name="jdk.debug" value="release"/>
    <property name="surefire.test.class.path" value="/home/gresshel/workspace/IntelliJ/SpringTestMockitoMockMvc/code/1.00-starting-project/target/test-classes:/home/gresshel/workspace/IntelliJ/SpringTestMockitoMockMvc/code/1.00-starting-project/target/classes:/home/gresshel/.m2/repository/org/junit/jupiter/junit-jupiter/5.8.2/junit-jupiter-5.8.2.jar:/home/gresshel/.m2/repository/org/junit/jupiter/junit-jupiter-api/5.8.2/junit-jupiter-api-5.8.2.jar:/home/gresshel/.m2/repository/org/opentest4j/opentest4j/1.2.0/opentest4j-1.2.0.jar:/home/gresshel/.m2/repository/org/junit/platform/junit-platform-commons/1.8.2/junit-platform-commons-1.8.2.jar:/home/gresshel/.m2/repository/org/apiguardian/apiguardian-api/1.1.2/apiguardian-api-1.1.2.jar:/home/gresshel/.m2/repository/org/junit/jupiter/junit-jupiter-params/5.8.2/junit-jupiter-params-5.8.2.jar:/home/gresshel/.m2/repository/org/junit/jupiter/junit-jupiter-engine/5.8.2/junit-jupiter-engine-5.8.2.jar:/home/gresshel/.m2/repository/org/junit/platform/junit-platform-engine/1.8.2/junit-platform-engine-1.8.2.jar:"/>
    <property name="sun.cpu.endian" value="little"/>
    <property name="user.home" value="/home/gresshel"/>
    <property name="user.language" value="es"/>
    <property name="java.specification.vendor" value="Oracle Corporation"/>
    <property name="java.version.date" value="2023-01-17"/>
    <property name="java.home" value="/usr/lib/jvm/jdk-19"/>
    <property name="file.separator" value="/"/>
    <property name="basedir" value="/home/gresshel/workspace/IntelliJ/SpringTestMockitoMockMvc/code/1.00-starting-project"/>
    <property name="java.vm.compressedOopsMode" value="Zero based"/>
    <property name="line.separator" value="&#10;"/>
    <property name="java.specification.name" value="Java Platform API Specification"/>
    <property name="java.vm.specification.vendor" value="Oracle Corporation"/>
    <property name="surefire.real.class.path" value="/home/gresshel/workspace/IntelliJ/SpringTestMockitoMockMvc/code/1.00-starting-project/target/surefire/surefirebooter4708303470022353484.jar"/>
    <property name="sun.management.compiler" value="HotSpot 64-Bit Tiered Compilers"/>
    <property name="java.runtime.version" value="19.0.2+7-44"/>
    <property name="user.name" value="gresshel"/>
    <property name="stdout.encoding" value="UTF-8"/>
    <property name="path.separator" value=":"/>
    <property name="os.version" value="6.8.0-49-generic"/>
    <property name="java.runtime.name" value="Java(TM) SE Runtime Environment"/>
    <property name="file.encoding" value="UTF-8"/>
    <property name="java.vm.name" value="Java HotSpot(TM) 64-Bit Server VM"/>
    <property name="localRepository" value="/home/gresshel/.m2/repository"/>
    <property name="java.vendor.url.bug" value="https://bugreport.java.com/bugreport/"/>
    <property name="java.io.tmpdir" value="/tmp"/>
    <property name="java.version" value="19.0.2"/>
    <property name="user.dir" value="/home/gresshel/workspace/IntelliJ/SpringTestMockitoMockMvc/code/1.00-starting-project"/>
    <property name="os.arch" value="amd64"/>
    <property name="java.vm.specification.name" value="Java Virtual Machine Specification"/>
    <property name="native.encoding" value="UTF-8"/>
    <property name="java.library.path" value="/usr/java/packages/lib:/usr/lib64:/lib64:/lib:/usr/lib"/>
    <property name="java.vm.info" value="mixed mode, sharing"/>
    <property name="stderr.encoding" value="UTF-8"/>
    <property name="java.vendor" value="Oracle Corporation"/>
    <property name="java.vm.version" value="19.0.2+7-44"/>
    <property name="sun.io.unicode.encoding" value="UnicodeLittle"/>
    <property name="java.class.version" value="63.0"/>
  </properties>
  <testcase name="0. Equals and Not Equals" classname="com.luv2code.junitdemo.DemoUtilsTest" time="0.043">
    <system-out><![CDATA[### @BeforeAll run  before all methods, Only once. ###
@BeforeEach run  before each method
1. Running testEqualsAndNotEquals.............
@AfterEach run  after each method
]]></system-out>
  </testcase>
  <testcase name="1. Equals and Not Equals, Multiply" classname="com.luv2code.junitdemo.DemoUtilsTest" time="0.003">
    <system-out><![CDATA[@BeforeEach run  before each method
1. Running testEqualsAndNotEquals.............
@AfterEach run  after each method
]]></system-out>
  </testcase>
  <testcase name="2. Null and Not Null" classname="com.luv2code.junitdemo.DemoUtilsTest" time="0.005">
    <system-out><![CDATA[@BeforeEach run  before each method
2. Running testNullAndNotNull............
@AfterEach run  after each method
]]></system-out>
  </testcase>
  <testcase name="3. Same and Not Same" classname="com.luv2code.junitdemo.DemoUtilsTest" time="0.004">
    <system-out><![CDATA[@BeforeEach run  before each method
3. Running testSameAndNotSame............
@AfterEach run  after each method
]]></system-out>
  </testcase>
  <testcase name="4. True and False" classname="com.luv2code.junitdemo.DemoUtilsTest" time="0.003">
    <system-out><![CDATA[@BeforeEach run  before each method
4. Running testTrueFalse............
@AfterEach run  after each method
]]></system-out>
  </testcase>
  <testcase name="5. Array Equals" classname="com.luv2code.junitdemo.DemoUtilsTest" time="0.003">
    <system-out><![CDATA[@BeforeEach run  before each method
5. Running testArrayEquals............
@AfterEach run  after each method
]]></system-out>
  </testcase>
  <testcase name="6. Iterable Equals" classname="com.luv2code.junitdemo.DemoUtilsTest" time="0.003">
    <system-out><![CDATA[@BeforeEach run  before each method
6. Running testIterableEquals............
@AfterEach run  after each method
]]></system-out>
  </testcase>
  <testcase name="7. Lines match" classname="com.luv2code.junitdemo.DemoUtilsTest" time="0.004">
    <system-out><![CDATA[@BeforeEach run  before each method
7. Running testLinesMatch............
@AfterEach run  after each method
]]></system-out>
  </testcase>
  <testcase name="8. Throws and Does not Throw Exception" classname="com.luv2code.junitdemo.DemoUtilsTest" time="0.005">
    <system-out><![CDATA[@BeforeEach run  before each method
8. Running testThrowsAndDoesNotThrow............
@AfterEach run  after each method
]]></system-out>
  </testcase>
  <testcase name="9. Timeout, finish after a time" classname="com.luv2code.junitdemo.DemoUtilsTest" time="2.008">
    <system-out><![CDATA[@BeforeEach run  before each method
9. Running testTimeout............
I am going to sleep
Sleeping over
@AfterEach run  after each method
]]></system-out>
  </testcase>
</testsuite>